<?xml version="1.0" encoding="UTF-8" standalone="yes"?>
<data xmlns:xsi="http://www.w3.org/2001/XMLSchema-instance">
	<row>
		<id>267</id>
		<pattern>Can't save classpath container state for&amp;&amp;FileNotFoundException&amp;&amp;container</pattern>
		<errorcode>buildWorkspace:  Classpath container file for M2E missing</errorcode>
		<what>buildWorkspace</what>
		<causedByName>User Error</causedByName>
	</row>
	<row>
		<id>1055</id>
		<pattern>Could not update workspace index java.io.IOException</pattern>
		<errorcode>buildWorkspace:  Could not update workspace index java.io.IOException</errorcode>
		<what>buildWorkspace</what>
		<causedByName>System Error</causedByName>
	</row>
	<row>
		<id>1071</id>
		<pattern>Failed to execute goal com.github.searls:jasmine-maven-plugin</pattern>
		<errorcode>buildWorkspace:  Failed to execute goal com.github.searls:jasmine-maven-plugin</errorcode>
		<what>buildWorkspace</what>
		<causedByName>User Error</causedByName>
	</row>
	<row>
		<id>1218</id>
		<pattern>Failed to execute goal com.lazerycode.jmeter:jmeter-maven-plugin</pattern>
		<errorcode>buildWorkspace:  Failed to execute goal com.lazerycode.jmeter:jmeter-maven-plugin</errorcode>
		<what>buildWorkspace</what>
		<causedByName>User Error</causedByName>
	</row>
	<row>
		<id>1066</id>
		<pattern>Failed to execute goal org.apache.maven.plugins:maven-deploy-plugin</pattern>
		<errorcode>buildWorkspace:  Failed to execute goal org.apache.maven.plugins:maven-deploy-plugin</errorcode>
		<what>buildWorkspace</what>
		<causedByName>User Error</causedByName>
	</row>
	<row>
		<id>449</id>
		<pattern>Status ERROR: org.maven.ide.eclipse code=0 Preference node&amp;&amp;has been removed</pattern>
		<errorcode>buildWorkspace:  Preference node has been removed</errorcode>
		<what>buildWorkspace</what>
		<causedByName>User Error</causedByName>
	</row>
	<row>
		<id>437</id>
		<pattern>Status ERROR: org.maven.ide.eclipse code=0 Array index out of range: 96 java.lang.ArrayIndexOutOfBoundsException</pattern>
		<errorcode>buildWorkspace: array index error(ignore)</errorcode>
		<what>buildWorkspace</what>
		<causedByName>User Error</causedByName>
	</row>
	<row>
		<id>262</id>
		<pattern>The repository system is offline but the artifact ++is not available in the local repository.</pattern>
		<errorcode>buildWorkspace: Artifact not available in offline mode</errorcode>
		<what>buildWorkspace</what>
		<causedByName>User Error</causedByName>
	</row>
	<row>
		<id>324</id>
		<pattern>Status ERROR: org.eclipse.core.resources code=274 Could not set the project description&amp;&amp;because the project description file \(.project\) is out of sync with the file system</pattern>
		<errorcode>buildWorkspace: Can not set project description, because .project is out of sync</errorcode>
		<what>buildWorkspace</what>
		<causedByName>User Error</causedByName>
	</row>
	<row>
		<id>254</id>
		<pattern>Status ERROR: org.maven.ide.eclipse code=0 Exception in build participant org.eclipse.core.runtime.OperationCanceledException</pattern>
		<errorcode>buildWorkspace: Cancel autobuild for maven build</errorcode>
		<what>buildWorkspace</what>
		<causedByName>User Error</causedByName>
	</row>
	<row>
		<id>239</id>
		<pattern>Status ERROR: org.maven.ide.eclipse code=0 java.io.FileNotFoundException++MANIFEST.MF \(The system cannot find the file specified.\)</pattern>
		<errorcode>buildWorkspace: Can't find generated MANIFEST.MF</errorcode>
		<what>buildWorkspace</what>
		<causedByName>User Error</causedByName>
	</row>
	<row>
		<id>266</id>
		<pattern>org.eclipse.core.runtime.CoreException: Could not read maven project&amp;&amp;\[FATAL\] Non-readable POM</pattern>
		<errorcode>buildWorkspace: Can't find pom.xml in a maven project</errorcode>
		<what>buildWorkspace</what>
		<causedByName>User Error</causedByName>
	</row>
	<row>
		<id>516</id>
		<pattern>\[ERROR\] COMPILATION ERROR</pattern>
		<errorcode>buildWorkspace: COMPILATION ERROR</errorcode>
		<what>buildWorkspace</what>
		<causedByName>User Error</causedByName>
	</row>
	<row>
		<id>638</id>
		<pattern>Failed to execute goal org.bsc.maven:maven-processor-plugin&amp;&amp;process&amp;&amp;on project &amp;&amp;Error executing: error during compilation</pattern>
		<errorcode>buildWorkspace: Compilation error during executing org.bsc.maven:maven-processor-plugin</errorcode>
		<what>buildWorkspace</what>
		<causedByName>User Error</causedByName>
	</row>
	<row>
		<id>232</id>
		<pattern>Caused by: org.apache.maven.plugin.CompilationFailureException: Compilation failure</pattern>
		<errorcode>buildWorkspace: Compilation failure</errorcode>
		<what>buildWorkspace</what>
		<causedByName>User Error</causedByName>
	</row>
	<row>
		<id>1236</id>
		<pattern>Content is not allowed in trailing section</pattern>
		<errorcode>buildWorkspace: Content is not allowed in trailing section</errorcode>
		<what>buildWorkspace</what>
		<causedByName>User Error</causedByName>
	</row>
	<row>
		<id>317</id>
		<pattern>Could not find goal 'content-codegen' in plugin com.ebay.content:maven-content-plugin</pattern>
		<errorcode>buildWorkspace: Could not find goal 'content-codegen'</errorcode>
		<what>buildWorkspace</what>
		<causedByName>User Error</causedByName>
	</row>
	<row>
		<id>1209</id>
		<pattern>Could not find resource</pattern>
		<errorcode>buildWorkspace: Could not find resource</errorcode>
		<what>buildWorkspace</what>
		<causedByName>User Error</causedByName>
	</row>
	<row>
		<id>304</id>
		<pattern>org.eclipse.core.runtime.CoreException: Could not read maven project</pattern>
		<errorcode>buildWorkspace: Could not read maven project, corrupt pom xml</errorcode>
		<what>buildWorkspace</what>
		<causedByName>User Error</causedByName>
	</row>
	<row>
		<id>243</id>
		<pattern>could not resolve dependencies for project</pattern>
		<errorcode>buildWorkspace: Could not resolve dependencies</errorcode>
		<what>buildWorkspace</what>
		<causedByName>User Error</causedByName>
	</row>
	<row>
		<id>642</id>
		<pattern>\[ERROR\] The projects in the &amp;&amp; contain a cyclic reference</pattern>
		<errorcode>buildWorkspace: Cylic reference in project</errorcode>
		<what>buildWorkspace</what>
		<causedByName>User Error</causedByName>
	</row>
	<row>
		<id>392</id>
		<pattern>http://cwiki.apache.org/confluence/display/MAVEN/DuplicateProjectException</pattern>
		<errorcode>buildWorkspace: Duplicate Project Identifier Exception</errorcode>
		<what>buildWorkspace</what>
		<causedByName>User Error</causedByName>
	</row>
	<row>
		<id>445</id>
		<pattern>com.ebay.dsf.common.exceptions.DsfRuntimeException: componentSpec is null</pattern>
		<errorcode>buildWorkspace: ebox fwk error: componentSpec is null</errorcode>
		<what>buildWorkspace</what>
		<causedByName>User Error</causedByName>
	</row>
	<row>
		<id>231</id>
		<pattern>Caused by: java.util.zip.ZipException: The JAR/ZIP file&amp;&amp;seems corrupted</pattern>
		<errorcode>buildWorkspace: Error calculating classpath - JAR/ZIP file corrupted</errorcode>
		<what>buildWorkspace</what>
		<causedByName>System Error</causedByName>
	</row>
	<row>
		<id>1078</id>
		<pattern>error in opening zip file java.lang.RuntimeException</pattern>
		<errorcode>buildWorkspace: error opening corrupted jar in maven repo</errorcode>
		<what>buildWorkspace</what>
		<causedByName>System Error</causedByName>
	</row>
	<row>
		<id>376</id>
		<pattern>Error resolving version for 'org.apache.maven.plugins:maven-site-plugin': Plugin requires Maven version</pattern>
		<errorcode>buildWorkspace: Error resolving version for "maven-site-plugin"</errorcode>
		<what>buildWorkspace</what>
		<causedByName>User Error</causedByName>
	</row>
	<row>
		<id>288</id>
		<pattern>Unknown lifecycle phase</pattern>
		<errorcode>buildWorkspace: ERROR Unknown lifecycle phase</errorcode>
		<what>buildWorkspace</what>
		<causedByName>User Error</causedByName>
	</row>
	<row>
		<id>333</id>
		<pattern>Failed to execute goal org.apache.maven.plugins:maven-resources-plugin&amp;&amp;Failed to copy full contents</pattern>
		<errorcode>buildWorkspace: Fail to copy main resources into target folder</errorcode>
		<what>buildWorkspace</what>
		<causedByName>User Error</causedByName>
	</row>
	<row>
		<id>446</id>
		<pattern>Status ERROR: org.maven.ide.eclipse code=0 assertion failed: Operation was not prepared. org.eclipse.core.runtime.AssertionFailedException: assertion failed: Operation was not prepared.</pattern>
		<errorcode>buildWorkspace: fail to update classpath:Operation was not prepared</errorcode>
		<what>buildWorkspace</what>
		<causedByName>User Error</causedByName>
	</row>
	<row>
		<id>595</id>
		<pattern>Failed to execute goal org.apache.maven.plugins:maven-resources-plugin:++:resources &amp;&amp; Cannot create resource output directory</pattern>
		<errorcode>buildWorkspace: Failed to create resources folder while executing maven-resources-plugin</errorcode>
		<what>buildWorkspace</what>
		<causedByName>User Error</causedByName>
	</row>
	<row>
		<id>640</id>
		<pattern>Failed to execute goal com.googlecode&amp;&amp;flyway&amp;&amp;flyway-maven-plugin</pattern>
		<errorcode>buildWorkspace: Failed to execute flyway maven plugin</errorcode>
		<what>buildWorkspace</what>
		<causedByName>User Error</causedByName>
	</row>
	<row>
		<id>316</id>
		<pattern>Status ERROR: org.maven.ide.eclipse code=0 Build errors&amp;&amp;Failed to execute goal org.apache.maven.plugins:maven-antrun-plugin</pattern>
		<errorcode>buildWorkspace: Failed to execute goal - maven-antrun-plugin:run (ignore)</errorcode>
		<what>buildWorkspace</what>
		<causedByName>User Error</causedByName>
	</row>
	<row>
		<id>252</id>
		<pattern>Failed to execute goal com.ebay.content:maven-content-plugin&amp;&amp;content-validation</pattern>
		<errorcode>buildWorkspace: Failed to execute goal - maven-content-plugin:content-validation</errorcode>
		<what>buildWorkspace</what>
		<causedByName>User Error</causedByName>
	</row>
	<row>
		<id>256</id>
		<pattern>Failed to execute goal org.bsc.maven:maven-processor-plugin&amp;&amp;Caused by: java.lang.Exception: error during compilation</pattern>
		<errorcode>buildWorkspace: Failed to execute goal - maven-processor-plugin:process</errorcode>
		<what>buildWorkspace</what>
		<causedByName>User Error</causedByName>
	</row>
	<row>
		<id>237</id>
		<pattern>Failed to execute goal org.apache.maven.plugins:maven-resources-plugin&amp;&amp;copy-resources</pattern>
		<errorcode>buildWorkspace: Failed to execute goal - maven-resources-plugin:copy-resources</errorcode>
		<what>buildWorkspace</what>
		<causedByName>System Error</causedByName>
	</row>
	<row>
		<id>285</id>
		<pattern>Failed to execute goal org.apache.maven.plugins:maven-resources-plugin:2.5:resources</pattern>
		<errorcode>buildWorkspace: Failed to execute goal - maven-resources-plugin:resources</errorcode>
		<what>buildWorkspace</what>
		<causedByName>User Error</causedByName>
	</row>
	<row>
		<id>510</id>
		<pattern>Failed to execute goal org.apache.maven.plugins:maven-war-plugin&amp;&amp; Failed to copy file for artifact</pattern>
		<errorcode>buildWorkspace: Failed to execute goal - maven-war-plugin:exploded</errorcode>
		<what>buildWorkspace</what>
		<causedByName>User Error</causedByName>
	</row>
	<row>
		<id>514</id>
		<pattern>Failed to execute goal org.apache.maven.plugins:maven\-clean\-plugin</pattern>
		<errorcode>buildWorkspace: Failed to execute goal - org.apache.maven.plugins:maven-clean-plugin</errorcode>
		<what>buildWorkspace</what>
		<causedByName>User Error</causedByName>
	</row>
	<row>
		<id>515</id>
		<pattern>Failed to execute goal org.apache.maven.plugins:maven\-surefire\-plugin</pattern>
		<errorcode>buildWorkspace: Failed to execute goal - org.apache.maven.plugins:maven-surefire-plugin</errorcode>
		<what>buildWorkspace</what>
		<causedByName>User Error</causedByName>
	</row>
	<row>
		<id>1082</id>
		<pattern>Failed to execute goal com.ebay.content:maven-content-plugin</pattern>
		<errorcode>buildWorkspace: Failed to execute goal com.ebay.content:maven-content-plugin</errorcode>
		<what>buildWorkspace</what>
		<causedByName>System Error</causedByName>
	</row>
	<row>
		<id>1175</id>
		<pattern>Failed to execute goal com.ebay.ebox.plugins:maven-ebox-plugin</pattern>
		<errorcode>buildWorkspace: Failed to execute goal com.ebay.ebox.plugins:maven-ebox-plugin</errorcode>
		<what>buildWorkspace</what>
		<causedByName>User Error</causedByName>
	</row>
	<row>
		<id>1074</id>
		<pattern>Failed to execute goal com.ebay.header:maven-minify-plugin</pattern>
		<errorcode>buildWorkspace: Failed to execute goal com.ebay.header:maven-minify-plugin</errorcode>
		<what>buildWorkspace</what>
		<causedByName>User Error</causedByName>
	</row>
	<row>
		<id>1077</id>
		<pattern>Failed to execute goal com.ebay.utils:maven-minify-plugin</pattern>
		<errorcode>buildWorkspace: Failed to execute goal com.ebay.utils:maven-minify-plugin</errorcode>
		<what>buildWorkspace</what>
		<causedByName>User Error</causedByName>
	</row>
	<row>
		<id>1172</id>
		<pattern>Failed to execute goal org.apache.cxf:cxf-codegen-plugin</pattern>
		<errorcode>buildWorkspace: Failed to execute goal org.apache.cxf:cxf-codegen-plugin</errorcode>
		<what>buildWorkspace</what>
		<causedByName>User Error</causedByName>
	</row>
	<row>
		<id>1080</id>
		<pattern>Failed to execute goal org.apache.maven.plugins:ma-jar-plugin</pattern>
		<errorcode>buildWorkspace: Failed to execute goal org.apache.maven.plugins:ma-jar-plugin</errorcode>
		<what>buildWorkspace</what>
		<causedByName>User Error</causedByName>
	</row>
	<row>
		<id>1063</id>
		<pattern>Failed to execute goal org.apache.maven.plugins:maven-antrun-plugin</pattern>
		<errorcode>buildWorkspace: Failed to execute goal org.apache.maven.plugins:maven-antrun-plugin</errorcode>
		<what>buildWorkspace</what>
		<causedByName>User Error</causedByName>
	</row>
	<row>
		<id>1081</id>
		<pattern>Failed to execute goal org.apache.maven.plugins:maven-archetype-plugin</pattern>
		<errorcode>buildWorkspace: Failed to execute goal org.apache.maven.plugins:maven-archetype-plugin</errorcode>
		<what>buildWorkspace</what>
		<causedByName>User Error</causedByName>
	</row>
	<row>
		<id>1069</id>
		<pattern>Failed to execute goal org.apache.maven.plugins:maven-assembly-plugin</pattern>
		<errorcode>buildWorkspace: Failed to execute goal org.apache.maven.plugins:maven-assembly-plugin</errorcode>
		<what>buildWorkspace</what>
		<causedByName>User Error</causedByName>
	</row>
	<row>
		<id>1165</id>
		<pattern>Failed to execute goal org.apache.maven.plugins:maven-dependency-plugin</pattern>
		<errorcode>buildWorkspace: Failed to execute goal org.apache.maven.plugins:maven-dependency-plugin</errorcode>
		<what>buildWorkspace</what>
		<causedByName>User Error</causedByName>
	</row>
	<row>
		<id>706</id>
		<pattern>Build errors for netty-common org.apache.maven.lifecycle.LifecycleExecutionException: Failed to execute goal org.apache.maven.plugins:maven-enforcer-plugin&amp;&amp;enforce \(enforce-tools\) on project netty-common: Some Enforcer rules have failed. Look above for specific messages explaining why the rule failed.</pattern>
		<errorcode>buildWorkspace: Failed to execute goal org.apache.maven.plugins:maven-enforcer-plugin</errorcode>
		<what>buildWorkspace</what>
		<causedByName>User Error</causedByName>
	</row>
	<row>
		<id>1076</id>
		<pattern>Failed to execute goal org.apache.maven.plugins:maven-install-plugin</pattern>
		<errorcode>buildWorkspace: Failed to execute goal org.apache.maven.plugins:maven-install-plugin</errorcode>
		<what>buildWorkspace</what>
		<causedByName>User Error</causedByName>
	</row>
	<row>
		<id>1064</id>
		<pattern>Failed to execute goal org.apache.maven.plugins:maven-resources-plugin</pattern>
		<errorcode>buildWorkspace: Failed to execute goal org.apache.maven.plugins:maven-resources-plugin</errorcode>
		<what>buildWorkspace</what>
		<causedByName>User Error</causedByName>
	</row>
	<row>
		<id>1072</id>
		<pattern>Failed to execute goal org.apache.maven.plugins:maven-site-plugin</pattern>
		<errorcode>buildWorkspace: Failed to execute goal org.apache.maven.plugins:maven-site-plugin</errorcode>
		<what>buildWorkspace</what>
		<causedByName>User Error</causedByName>
	</row>
	<row>
		<id>1177</id>
		<pattern>Failed to execute goal org.codehaus.mojo:animal-sniffer-maven-plugin</pattern>
		<errorcode>buildWorkspace: Failed to execute goal org.codehaus.mojo:animal-sniffer-maven-plugin</errorcode>
		<what>buildWorkspace</what>
		<causedByName>User Error</causedByName>
	</row>
	<row>
		<id>1169</id>
		<pattern>Failed to execute goal org.codehaus.mojo:buildnumber-maven-plugin</pattern>
		<errorcode>buildWorkspace: Failed to execute goal org.codehaus.mojo:buildnumber-maven-plugin</errorcode>
		<what>buildWorkspace</what>
		<causedByName>User Error</causedByName>
	</row>
	<row>
		<id>1128</id>
		<pattern>Failed to execute goal org.codehaus.mojo:emma-maven-plugin</pattern>
		<errorcode>buildWorkspace: Failed to execute goal org.codehaus.mojo:emma-maven-plugin</errorcode>
		<what>buildWorkspace</what>
		<causedByName>User Error</causedByName>
	</row>
	<row>
		<id>1079</id>
		<pattern>Failed to execute goal org.codehaus.mojo:exec-maven-plugin</pattern>
		<errorcode>buildWorkspace: Failed to execute goal org.codehaus.mojo:exec-maven-plugin</errorcode>
		<what>buildWorkspace</what>
		<causedByName>User Error</causedByName>
	</row>
	<row>
		<id>1073</id>
		<pattern>Failed to execute goal org.codehaus.mojo:jaxb2-maven-plugin</pattern>
		<errorcode>buildWorkspace: Failed to execute goal org.codehaus.mojo:jaxb2-maven-plugin</errorcode>
		<what>buildWorkspace</what>
		<causedByName>User Error</causedByName>
	</row>
	<row>
		<id>1061</id>
		<pattern>Failed to execute goal org.codehaus.mojo:properties-maven-plugin</pattern>
		<errorcode>buildWorkspace: Failed to execute goal org.codehaus.mojo:properties-maven-plugin</errorcode>
		<what>buildWorkspace</what>
		<causedByName>User Error</causedByName>
	</row>
	<row>
		<id>1068</id>
		<pattern>Failed to execute goal org.easyb:maven-easyb-plugin</pattern>
		<errorcode>buildWorkspace: Failed to execute goal org.easyb:maven-easyb-plugin</errorcode>
		<what>buildWorkspace</what>
		<causedByName>User Error</causedByName>
	</row>
	<row>
		<id>645</id>
		<pattern>Failed to execute goal org.codehaus.mojo:gwt-maven-plugin&amp;&amp;compile</pattern>
		<errorcode>buildWorkspace: Failed to execute gwt-maven-plugin</errorcode>
		<what>buildWorkspace</what>
		<causedByName>User Error</causedByName>
	</row>
	<row>
		<id>1042</id>
		<pattern>Failed to execute goal org.apache.maven.plugins:maven-plugin-plugin&amp;&amp;descriptor</pattern>
		<errorcode>buildWorkspace: Failed to execute org.apache.maven.plugins:maven-plugin-plugin:descriptor</errorcode>
		<what>buildWorkspace</what>
		<causedByName>User Error</causedByName>
	</row>
	<row>
		<id>330</id>
		<pattern>Status ERROR: org.maven.ide.eclipse code=0 Build errors&amp;&amp;generateOBR \(obrgen\)&amp;&amp;The version cannot be empty</pattern>
		<errorcode>buildWorkspace: Failed to generate OBR, version is empty</errorcode>
		<what>buildWorkspace</what>
		<causedByName>User Error</causedByName>
	</row>
	<row>
		<id>1062</id>
		<pattern>Failed to read artifact descriptor for</pattern>
		<errorcode>buildWorkspace: Failed to read artifact descriptor for maven artifact</errorcode>
		<what>buildWorkspace</what>
		<causedByName>User Error</causedByName>
	</row>
	<row>
		<id>1083</id>
		<pattern>Failed to execute goal org.mortbay.jetty:maven-jetty-plugin</pattern>
		<errorcode>buildWorkspace: Failed to run jetty</errorcode>
		<what>buildWorkspace</what>
		<causedByName>User Error</causedByName>
	</row>
	<row>
		<id>1186</id>
		<pattern>Unable to add org/codehaus/mojo/emma-maven-plugin</pattern>
		<errorcode>buildWorkspace: failed to use maven plugin emma-maven-plugin</errorcode>
		<what>buildWorkspace</what>
		<causedByName>User Error</causedByName>
	</row>
	<row>
		<id>270</id>
		<pattern>FileNotFoundException&amp;&amp;workspaceState.ser</pattern>
		<errorcode>buildWorkspace: File missing - workspaceState.ser</errorcode>
		<what>buildWorkspace</what>
		<causedByName>User Error</causedByName>
	</row>
	<row>
		<id>268</id>
		<pattern>Could not update workspace index java.io.FileNotFoundException:&amp;&amp;at org.maven.ide.eclipse.internal.project.registry.ProjectRegistryRefreshJob.run</pattern>
		<errorcode>buildWorkspace: File missing when running 'Update Maven Dependencies' job</errorcode>
		<what>buildWorkspace</what>
		<causedByName>User Error</causedByName>
	</row>
	<row>
		<id>269</id>
		<pattern>Error writing workspace state file java.io.FileNotFoundException: &amp;&amp;at org.maven.ide.eclipse.internal.project.registry.ProjectRegistryRefreshJob.run</pattern>
		<errorcode>buildWorkspace: File missing, can't update workspace when running 'Update Maven Dependencies' job</errorcode>
		<what>buildWorkspace</what>
		<causedByName>User Error</causedByName>
	</row>
	<row>
		<id>263</id>
		<pattern>org.apache.maven.project.ProjectBuildingException: Some problems were encountered while processing the POMs:</pattern>
		<errorcode>buildWorkspace: Invalid pom.xml</errorcode>
		<what>buildWorkspace</what>
		<causedByName>User Error</causedByName>
	</row>
	<row>
		<id>453</id>
		<pattern>Status ERROR: org.maven.ide.eclipse code=0 Could not read settings.xml</pattern>
		<errorcode>buildWorkspace: Invalid settings.xml</errorcode>
		<what>buildWorkspace</what>
		<causedByName>User Error</causedByName>
	</row>
	<row>
		<id>454</id>
		<pattern>Status ERROR: org.maven.ide.eclipse code=0 Invalid thread access org.eclipse.swt.SWTException: Invalid thread access</pattern>
		<errorcode>buildWorkspace: Invalid thread access org.eclipse.swt.SWTException</errorcode>
		<what>buildWorkspace</what>
		<causedByName>User Error</causedByName>
	</row>
	<row>
		<id>327</id>
		<pattern>Status ERROR: org.eclipse.jdt.launching code=107 Launch configuration&amp;&amp;references non-existing project</pattern>
		<errorcode>buildWorkspace: Launch configuration references non-existing project</errorcode>
		<what>buildWorkspace</what>
		<causedByName>User Error</causedByName>
	</row>
	<row>
		<id>305</id>
		<pattern>Status ERROR: org.maven.ide.eclipse code=0 Build errors for org.maven.ide.eclipse</pattern>
		<errorcode>buildWorkspace: M2Eclipse - Build Errors (ignore)</errorcode>
		<what>buildWorkspace</what>
		<causedByName>User Error</causedByName>
	</row>
	<row>
		<id>380</id>
		<pattern>TerminatingClassNotFoundException: An error occurred while automatically activating bundle org.maven.ide.eclipse.jdt</pattern>
		<errorcode>buildWorkspace: M2Eclipse - Failed to activate JDT plugin</errorcode>
		<what>buildWorkspace</what>
		<causedByName>User Error</causedByName>
	</row>
	<row>
		<id>334</id>
		<pattern>Status ERROR: org.maven.ide.eclipse code=0 Unable to add&amp;&amp;.pom java.io.FileNotFoundException&amp;&amp;.metadata/.plugins/org.maven.ide.eclipse/nexus</pattern>
		<errorcode>buildWorkspace: M2Eclipse - Nexus index is out of date</errorcode>
		<what>buildWorkspace</what>
		<causedByName>System Error</causedByName>
	</row>
	<row>
		<id>372</id>
		<pattern>java.lang.OutOfMemoryError&amp;&amp;at org.maven.ide.eclipse</pattern>
		<errorcode>buildWorkspace: M2Eclipse - OutOfMemoryError</errorcode>
		<what>buildWorkspace</what>
		<causedByName>User Error</causedByName>
	</row>
	<row>
		<id>306</id>
		<pattern>Status ERROR: org.maven.ide.eclipse code=-1 Unable to load project configurator</pattern>
		<errorcode>buildWorkspace: M2Eclipse - Unable to load project configurator (ignore)</errorcode>
		<what>buildWorkspace</what>
		<causedByName>User Error</causedByName>
	</row>
	<row>
		<id>276</id>
		<pattern>http://cwiki.apache.org/confluence/display/MAVEN/OutOfMemoryError</pattern>
		<errorcode>buildWorkspace: Maven - OutOfMemoryError</errorcode>
		<what>buildWorkspace</what>
		<causedByName>User Error</causedByName>
	</row>
	<row>
		<id>451</id>
		<pattern>Failed to execute goal org.apache.maven.plugins:maven-compiler-plugin&amp;&amp;Compilation failure</pattern>
		<errorcode>buildWorkspace: maven compilation failure</errorcode>
		<what>buildWorkspace</what>
		<causedByName>User Error</causedByName>
	</row>
	<row>
		<id>639</id>
		<pattern>\[ERROR\]&amp;&amp;The project &amp;&amp;has&amp;&amp;error</pattern>
		<errorcode>buildWorkspace: Maven Project has errors</errorcode>
		<what>buildWorkspace</what>
		<causedByName>User Error</causedByName>
	</row>
	<row>
		<id>265</id>
		<pattern>java.io.FileNotFoundException: ++\\META-INF\\MANIFEST.MF \(The system cannot find the file specified.\)</pattern>
		<errorcode>buildWorkspace: Missing MANIFEST.MF</errorcode>
		<what>buildWorkspace</what>
		<causedByName>User Error</causedByName>
	</row>
	<row>
		<id>406</id>
		<pattern>http://cwiki.apache.org/confluence/display/MAVEN/MojoNotFoundException</pattern>
		<errorcode>buildWorkspace: Mojo not found</errorcode>
		<what>buildWorkspace</what>
		<causedByName>User Error</causedByName>
	</row>
	<row>
		<id>318</id>
		<pattern>http://cwiki.apache.org/confluence/display/MAVEN/MojoExecutionException&amp;&amp;BUILD SUCCESS</pattern>
		<errorcode>buildWorkspace: MojoExecutionException, but 'BUILD SUCCESS' (ignore)</errorcode>
		<what>buildWorkspace</what>
		<causedByName>User Error</causedByName>
	</row>
	<row>
		<id>319</id>
		<pattern>http://cwiki.apache.org/confluence/display/MAVEN/NoGoalSpecifiedException</pattern>
		<errorcode>buildWorkspace: No goal specified</errorcode>
		<what>buildWorkspace</what>
		<causedByName>User Error</causedByName>
	</row>
	<row>
		<id>407</id>
		<pattern>http://cwiki.apache.org/confluence/display/MAVEN/MissingProjectException</pattern>
		<errorcode>buildWorkspace: No pom in project directory</errorcode>
		<what>buildWorkspace</what>
		<causedByName>User Error</causedByName>
	</row>
	<row>
		<id>385</id>
		<pattern>Status ERROR: bndtools.core code=0 Error requesting bnd classpath update. java.lang.IllegalArgumentException: No Workspace found</pattern>
		<errorcode>buildWorkspace: No workspace found during trying to update classpath</errorcode>
		<what>buildWorkspace</what>
		<causedByName>User Error</causedByName>
	</row>
	<row>
		<id>1075</id>
		<pattern>Non-parseable settings</pattern>
		<errorcode>buildWorkspace: Non-parseable settings</errorcode>
		<what>buildWorkspace</what>
		<causedByName>User Error</causedByName>
	</row>
	<row>
		<id>584</id>
		<pattern>Non-resolvable parent POM</pattern>
		<errorcode>buildWorkspace: Non-resolvable parent POM</errorcode>
		<what>buildWorkspace</what>
		<causedByName>User Error</causedByName>
	</row>
	<row>
		<id>438</id>
		<pattern>ERROR&amp;&amp;BUILD SUCCESS</pattern>
		<errorcode>buildWorkspace: not enough information to analyze</errorcode>
		<what>buildWorkspace</what>
		<causedByName>User Error</causedByName>
	</row>
	<row>
		<id>641</id>
		<pattern>java.lang.NullPointerException&amp;&amp;at com.ebay.tools.esf.taglib.v4.internal.monitor.PomListener.mavenProjectChanged\(PomListener.java:43\)</pattern>
		<errorcode>buildWorkspace: NPE in JSPPlus</errorcode>
		<what>buildWorkspace</what>
		<causedByName>System Error</causedByName>
	</row>
	<row>
		<id>411</id>
		<pattern>http://cwiki.apache.org/confluence/display/MAVEN/PluginResolutionException</pattern>
		<errorcode>buildWorkspace: Plugin could not be resolved</errorcode>
		<what>buildWorkspace</what>
		<causedByName>User Error</causedByName>
	</row>
	<row>
		<id>439</id>
		<pattern>org.apache.commons.exec.ExecuteException: Process exited with an error: 1&amp;&amp;Address already in use: JVM_Bind</pattern>
		<errorcode>buildWorkspace: raptor test fwk error: 8080 is already in use.</errorcode>
		<what>buildWorkspace</what>
		<causedByName>User Error</causedByName>
	</row>
	<row>
		<id>303</id>
		<pattern>Status ERROR: org.maven.ide.eclipse code=0 Build errors for RaptorTestApp</pattern>
		<errorcode>buildWorkspace: RaptorTestApp (ignore)</errorcode>
		<what>buildWorkspace</what>
		<causedByName>User Error</causedByName>
	</row>
	<row>
		<id>275</id>
		<pattern>org.eclipse.core.runtime.CoreException: Launch configuration ++ references closed project</pattern>
		<errorcode>buildWorkspace: References a closed project</errorcode>
		<what>buildWorkspace</what>
		<causedByName>User Error</causedByName>
	</row>
	<row>
		<id>444</id>
		<pattern>Status ERROR: org.maven.ide.eclipse code=0 Exception in build participant java.lang.IllegalArgumentException: Element not found</pattern>
		<errorcode>buildWorkspace: refreshing non-existed element</errorcode>
		<what>buildWorkspace</what>
		<causedByName>User Error</causedByName>
	</row>
	<row>
		<id>294</id>
		<pattern>org.eclipse.core.internal.resources.ResourceException: Resource++does not exist.</pattern>
		<errorcode>buildWorkspace: Resource does not exist</errorcode>
		<what>buildWorkspace</what>
		<causedByName>User Error</causedByName>
	</row>
	<row>
		<id>1070</id>
		<pattern>Resource is out of sync with the file system</pattern>
		<errorcode>buildWorkspace: Resource is out of sync with the file system</errorcode>
		<what>buildWorkspace</what>
		<causedByName>User Error</causedByName>
	</row>
	<row>
		<id>1187</id>
		<pattern>Unable to add com/ebay/kernel/Tracking</pattern>
		<errorcode>buildWorkspace: Unable to add com/ebay/kernel/Tracking</errorcode>
		<what>buildWorkspace</what>
		<causedByName>User Error</causedByName>
	</row>
	<row>
		<id>1067</id>
		<pattern>Failed to execute goal org.apache.maven.plugins:maven-war-plugin</pattern>
		<errorcode>buildWorkspace:Failed to execute goal org.apache.maven.plugins:maven-war-plugin</errorcode>
		<what>buildWorkspace</what>
		<causedByName>User Error</causedByName>
	</row>
	<row>
		<id>1051</id>
		<pattern>ava.lang.NullPointerException&amp;&amp;org.maven.ide.eclipse.internal.project.registry.ProjectRegistryManager.configureExecutionRequest\(ProjectRegistryManager.java:712\)</pattern>
		<errorcode>bunldWorkspace: NPE of m2e UpdateMavenDependenciesJob</errorcode>
		<what>buildWorkspace</what>
		<causedByName>System Error</causedByName>
	</row>
	<row>
		<id>1156</id>
		<pattern>Failed to execute goal com.github.igor-petruk.protobuf:protobuf-maven-plugin</pattern>
		<errorcode>runMavenBuild: Failed to execute goal com.github.igor-petruk.protobuf:protobuf-maven-plugin</errorcode>
		<what>runMavenBuild</what>
		<causedByName>User Error</causedByName>
	</row>
	<row>
		<id>875</id>
		<pattern>Failed to execute goal org.apache.maven.plugins:maven-install-plugin&amp;&amp;install</pattern>
		<errorcode>runMavenBuild: Failed to execute goal maven-install-plugin :install</errorcode>
		<what>runMavenBuild</what>
		<causedByName>User Error</causedByName>
	</row>
	<row>
		<id>1179</id>
		<pattern>Failed to execute goal org.mortbay.jetty:jetty-maven-plugin</pattern>
		<errorcode>runMavenBuild: Failed to execute goal org.mortbay.jetty:jetty-maven-plugin</errorcode>
		<what>runMavenBuild</what>
		<causedByName>User Error</causedByName>
	</row>
	<row>
		<id>1231</id>
		<pattern>Failed to execute goal net.alchim31.maven:scala-maven-plugin</pattern>
		<errorcode>runMavenBuild:  Failed to execute goal net.alchim31.maven:scala-maven-plugin</errorcode>
		<what>runMavenBuild</what>
		<causedByName>User Error</causedByName>
	</row>
	<row>
		<id>1045</id>
		<pattern>Failed to execute goal org.apache.maven.plugins:maven-assembly-plugin</pattern>
		<errorcode>runMavenBuild:  Failed to execute goal org.apache.maven.plugins:maven-assembly-plugin:assembly</errorcode>
		<what>runMavenBuild</what>
		<causedByName>User Error</causedByName>
	</row>
	<row>
		<id>1117</id>
		<pattern>Failed to execute goal org.codehaus.mojo:chronos-jmeter-maven-plugin</pattern>
		<errorcode>runMavenBuild:  Failed to execute goal org.codehaus.mojo:chronos-jmeter-maven-plugin</errorcode>
		<what>runMavenBuild</what>
		<causedByName>User Error</causedByName>
	</row>
	<row>
		<id>1208</id>
		<pattern>Invalid repository URL</pattern>
		<errorcode>runMavenBuild:  Invalid repository URL</errorcode>
		<what>runMavenBuild</what>
		<causedByName>User Error</causedByName>
	</row>
	<row>
		<id>1153</id>
		<pattern>\[ERROR\] Unable to compile class for JSP</pattern>
		<errorcode>runMavenBuild:  Unable to compile class for JSP</errorcode>
		<what>runMavenBuild</what>
		<causedByName>User Error</causedByName>
	</row>
	<row>
		<id>1005</id>
		<pattern>OutOfMemoryError</pattern>
		<errorcode>runMavenBuild: [ERROR] OutOfMemoryError</errorcode>
		<what>runMavenBuild</what>
		<causedByName>User Error</causedByName>
	</row>
	<row>
		<id>855</id>
		<pattern>with version&amp;&amp;is lower than the version used by raptor</pattern>
		<errorcode>runMavenBuild: bundle version is lower than the version used by raptor</errorcode>
		<what>runMavenBuild</what>
		<causedByName>User Error</causedByName>
	</row>
	<row>
		<id>1232</id>
		<pattern>\[ERROR\] ################# Testing = testing</pattern>
		<errorcode>runMavenBuild: cannot determine the cause</errorcode>
		<what>runMavenBuild</what>
		<causedByName>User Error</causedByName>
	</row>
	<row>
		<id>1230</id>
		<pattern>\[ERROR\] Connection to&amp;&amp;nxraptor</pattern>
		<errorcode>runMavenBuild: Cannot download depencencies from nxraptor</errorcode>
		<what>runMavenBuild</what>
		<causedByName>User Error</causedByName>
	</row>
	<row>
		<id>812</id>
		<pattern>The build could not read &amp;&amp;Child module &amp;&amp;does not exist</pattern>
		<errorcode>runMavenBuild: Cannot find child project</errorcode>
		<what>runMavenBuild</what>
		<causedByName>User Error</causedByName>
	</row>
	<row>
		<id>1195</id>
		<pattern>com.google.inject.ProvisionException</pattern>
		<errorcode>runMavenBuild: com.google.inject.ProvisionException</errorcode>
		<what>runMavenBuild</what>
		<causedByName>User Error</causedByName>
	</row>
	<row>
		<id>601</id>
		<pattern>COMPILATION ERROR</pattern>
		<errorcode>runMavenBuild: Compilation error</errorcode>
		<what>runMavenBuild</what>
		<causedByName>User Error</causedByName>
	</row>
	<row>
		<id>1224</id>
		<pattern>[ERROR] &amp;&amp;\^$</pattern>
		<errorcode>runMavenBuild: Compilation Error 2</errorcode>
		<what>runMavenBuild</what>
		<causedByName>User Error</causedByName>
	</row>
	<row>
		<id>900</id>
		<pattern>Compilation failure</pattern>
		<errorcode>runMavenBuild: Compliation failure</errorcode>
		<what>runMavenBuild</what>
		<causedByName>User Error</causedByName>
	</row>
	<row>
		<id>1038</id>
		<pattern>Could not create local repository at</pattern>
		<errorcode>runMavenBuild: Could not create local repository</errorcode>
		<what>runMavenBuild</what>
		<causedByName>User Error</causedByName>
	</row>
	<row>
		<id>1109</id>
		<pattern>Could not find goal&amp;&amp;n plugin</pattern>
		<errorcode>runMavenBuild: Could not find goal in maven plugin</errorcode>
		<what>runMavenBuild</what>
		<causedByName>User Error</causedByName>
	</row>
	<row>
		<id>1040</id>
		<pattern>Could not find goal 'javancss-report' in plugin org.codehaus.mojo:javancss-maven-plugin</pattern>
		<errorcode>runMavenBuild: Could not find goal 'javancss-report' in plugin javancss-maven-plugin</errorcode>
		<what>runMavenBuild</what>
		<causedByName>User Error</causedByName>
	</row>
	<row>
		<id>1027</id>
		<pattern>Could not find project to resume reactor build</pattern>
		<errorcode>runMavenBuild: Could not find project to resume reactor build</errorcode>
		<what>runMavenBuild</what>
		<causedByName>User Error</causedByName>
	</row>
	<row>
		<id>1107</id>
		<pattern>Could not find resource 'findbugsExclude.xml'</pattern>
		<errorcode>runMavenBuild: Could not find resource 'findbugsExclude.xml'</errorcode>
		<what>runMavenBuild</what>
		<causedByName>User Error</causedByName>
	</row>
	<row>
		<id>1019</id>
		<pattern>Could not find the selected project in the reactor</pattern>
		<errorcode>runMavenBuild: Could not find the selected project in the reactor</errorcode>
		<what>runMavenBuild</what>
		<causedByName>User Error</causedByName>
	</row>
	<row>
		<id>848</id>
		<pattern>dependencies.dependency.version&amp;&amp;is missing</pattern>
		<errorcode>runMavenBuild: dependency version missing</errorcode>
		<what>runMavenBuild</what>
		<causedByName>User Error</causedByName>
	</row>
	<row>
		<id>1219</id>
		<pattern>Embedded error: Unrecognized Windows Sockets error</pattern>
		<errorcode>runMavenBuild: Embedded error: Unrecognized Windows Sockets error</errorcode>
		<what>runMavenBuild</what>
		<causedByName>User Error</causedByName>
	</row>
	<row>
		<id>1016</id>
		<pattern>encountered while building the effective settings</pattern>
		<errorcode>runMavenBuild: Error encountered while building the effective settings</errorcode>
		<what>runMavenBuild</what>
		<causedByName>User Error</causedByName>
	</row>
	<row>
		<id>1237</id>
		<pattern>Invalid plugin descriptor for</pattern>
		<errorcode>runMavenBuild: Error opening corrupted jar in local maven repo</errorcode>
		<what>runMavenBuild</what>
		<causedByName>User Error</causedByName>
	</row>
	<row>
		<id>1106</id>
		<pattern>Exception in Resolving Web Bundle</pattern>
		<errorcode>runMavenBuild: Exception in Resolving Web Bundle</errorcode>
		<what>runMavenBuild</what>
		<causedByName>User Error</causedByName>
	</row>
	<row>
		<id>1234</id>
		<pattern>com.ebay.testng.reporter.TapListener.logTestProgress</pattern>
		<errorcode>runMavenBuild: Exception when running TapListener.logTestProgress</errorcode>
		<what>runMavenBuild</what>
		<causedByName>User Error</causedByName>
	</row>
	<row>
		<id>857</id>
		<pattern>Failed to execute goal org.apache.maven.plugins:maven-deploy-plugin&amp;&amp;deploy &amp;&amp;on project</pattern>
		<errorcode>runMavenBuild: fail to deploy maven artifacts</errorcode>
		<what>runMavenBuild</what>
		<causedByName>User Error</causedByName>
	</row>
	<row>
		<id>864</id>
		<pattern>Failed to execute goal org.codehaus.mojo:aspectj-maven-plugin:&amp;&amp;:compile</pattern>
		<errorcode>runMavenBuild: fail to execute mojo:aspectj-maven-plugin : compile</errorcode>
		<what>runMavenBuild</what>
		<causedByName>User Error</causedByName>
	</row>
	<row>
		<id>868</id>
		<pattern>Failed to execute goal org.apache.maven.plugins&amp;&amp;maven-release-plugin&amp;&amp;prepare</pattern>
		<errorcode>runMavenBuild: fail to execute prepare goal for maven-release-plugin</errorcode>
		<what>runMavenBuild</what>
		<causedByName>User Error</causedByName>
	</row>
	<row>
		<id>972</id>
		<pattern>Failed to execute goal org.apache.maven.plugins:maven-compiler-plugin</pattern>
		<errorcode>runMavenBuild: fail to run maven-compiler-plugin</errorcode>
		<what>runMavenBuild</what>
		<causedByName>User Error</causedByName>
	</row>
	<row>
		<id>862</id>
		<pattern>Failed to execute goal org.apache.maven.plugins:maven-war-plugin&amp;&amp;war &amp;&amp;Error assembling WAR</pattern>
		<errorcode>runMavenBuild: failed to assembling war with maven-war-plugin</errorcode>
		<what>runMavenBuild</what>
		<causedByName>User Error</causedByName>
	</row>
	<row>
		<id>866</id>
		<pattern>Failed to execute goal org.apache.maven.plugins:maven-release-plugin&amp;&amp;branch</pattern>
		<errorcode>runMavenBuild: failed to create branch with maven-release-plugin</errorcode>
		<what>runMavenBuild</what>
		<causedByName>User Error</causedByName>
	</row>
	<row>
		<id>1225</id>
		<pattern>Failed to execute goal com.ebay.cos.platform:resource_analysis_plugin</pattern>
		<errorcode>runMavenBuild: Failed to execute goal com.ebay.cos.platform:resource_analysis_plugin</errorcode>
		<what>runMavenBuild</what>
		<causedByName>User Error</causedByName>
	</row>
	<row>
		<id>1252</id>
		<pattern>Failed to execute goal com.ebay.cos.plugin:EnunciateEbayPlugin</pattern>
		<errorcode>runMavenBuild: Failed to execute goal com.ebay.cos.plugin:EnunciateEbayPlugin</errorcode>
		<what>runMavenBuild</what>
		<causedByName>User Error</causedByName>
	</row>
	<row>
		<id>1221</id>
		<pattern>Failed to execute goal com.ebay.cos.tools:cosplugin</pattern>
		<errorcode>runMavenBuild: Failed to execute goal com.ebay.cos.tools:cosplugin</errorcode>
		<what>runMavenBuild</what>
		<causedByName>User Error</causedByName>
	</row>
	<row>
		<id>1204</id>
		<pattern>Failed to execute goal com.ebay.ebox.plugins:maven-ebay-build-plugin</pattern>
		<errorcode>runMavenBuild: Failed to execute goal com.ebay.ebox.plugins:maven-ebay-build-plugin</errorcode>
		<what>runMavenBuild</what>
		<causedByName>User Error</causedByName>
	</row>
	<row>
		<id>921</id>
		<pattern>Failed to execute goal com.ebay.ebox.plugins:maven-soa-plugin&amp;&amp;prebuild</pattern>
		<errorcode>runMavenBuild: Failed to execute goal com.ebay.ebox.plugins:maven-soa-plugin:prebuild</errorcode>
		<what>runMavenBuild</what>
		<causedByName>User Error</causedByName>
	</row>
	<row>
		<id>1190</id>
		<pattern>Failed to execute goal com.ebay.kernel.build.plugins:kernel-build-maven-plugin</pattern>
		<errorcode>runMavenBuild: Failed to execute goal com.ebay.kernel.build.plugins:kernel-build-maven-plugin</errorcode>
		<what>runMavenBuild</what>
		<causedByName>User Error</causedByName>
	</row>
	<row>
		<id>1114</id>
		<pattern>Failed to execute goal com.ebay.lsp.build:code-gen-plugin</pattern>
		<errorcode>runMavenBuild: Failed to execute goal com.ebay.lsp.build:code-gen-plugin</errorcode>
		<what>runMavenBuild</what>
		<causedByName>User Error</causedByName>
	</row>
	<row>
		<id>1170</id>
		<pattern>Failed to execute goal com.ebay.qe.mavenplugin:perftest</pattern>
		<errorcode>runMavenBuild: Failed to execute goal com.ebay.qe.mavenplugin:perftest</errorcode>
		<what>runMavenBuild</what>
		<causedByName>Unknown Error</causedByName>
	</row>
	<row>
		<id>860</id>
		<pattern>Failed to execute goal com.ebay.raptor.tools&amp;&amp;split-package-validator&amp;&amp;validatesplitpackage</pattern>
		<errorcode>runMavenBuild: Failed to execute goal com.ebay.raptor.tools:split-package-validator</errorcode>
		<what>runMavenBuild</what>
		<causedByName>User Error</causedByName>
	</row>
	<row>
		<id>1222</id>
		<pattern>Failed to execute goal com.ebay.sample:mojo</pattern>
		<errorcode>runMavenBuild: Failed to execute goal com.ebay.sample:mojo</errorcode>
		<what>runMavenBuild</what>
		<causedByName>User Error</causedByName>
	</row>
	<row>
		<id>1223</id>
		<pattern>Failed to execute goal com.ebay.sample:tloc&amp;&amp;A required class is missing</pattern>
		<errorcode>runMavenBuild: Failed to execute goal com.ebay.sample:tloc</errorcode>
		<what>runMavenBuild</what>
		<causedByName>User Error</causedByName>
	</row>
	<row>
		<id>1250</id>
		<pattern>Failed to execute goal com.github.searls:jasmine-maven-plugin</pattern>
		<errorcode>runMavenBuild: Failed to execute goal com.github.searls:jasmine-maven-plugin</errorcode>
		<what>runMavenBuild</what>
		<causedByName>User Error</causedByName>
	</row>
	<row>
		<id>1193</id>
		<pattern>Failed to execute goal com.googlecode.flyway:flyway-maven-plugin</pattern>
		<errorcode>runMavenBuild: Failed to execute goal com.googlecode.flyway:flyway-maven-plugin</errorcode>
		<what>runMavenBuild</what>
		<causedByName>User Error</causedByName>
	</row>
	<row>
		<id>1229</id>
		<pattern>Failed to execute goal com.googlecode.jslint4java</pattern>
		<errorcode>runMavenBuild: Failed to execute goal com.googlecode.jslint4java</errorcode>
		<what>runMavenBuild</what>
		<causedByName>User Error</causedByName>
	</row>
	<row>
		<id>1200</id>
		<pattern>Failed to execute goal com.googlecode.jsonschema2pojo</pattern>
		<errorcode>runMavenBuild: Failed to execute goal com.googlecode.jsonschema2pojo</errorcode>
		<what>runMavenBuild</what>
		<causedByName>User Error</causedByName>
	</row>
	<row>
		<id>627</id>
		<pattern>Failed to execute goal com.googlecode.jstd-maven-plugin:jstd-maven-plugin</pattern>
		<errorcode>runMavenBuild: Failed to execute goal com.googlecode.jstd-maven-plugin:jstd-maven-plugin</errorcode>
		<what>runMavenBuild</what>
		<causedByName>User Error</causedByName>
	</row>
	<row>
		<id>1203</id>
		<pattern>Failed to execute goal com.kelveden:maven-karma-plugin</pattern>
		<errorcode>runMavenBuild: Failed to execute goal com.kelveden:maven-karma-plugin</errorcode>
		<what>runMavenBuild</what>
		<causedByName>User Error</causedByName>
	</row>
	<row>
		<id>1129</id>
		<pattern>Failed to execute goal com.lazerycode.jmeter:jmeter-maven-plugin</pattern>
		<errorcode>runMavenBuild: Failed to execute goal com.lazerycode.jmeter:jmeter-maven-plugin</errorcode>
		<what>runMavenBuild</what>
		<causedByName>User Error</causedByName>
	</row>
	<row>
		<id>872</id>
		<pattern>Failed to execute goal org.codehaus.mojo&amp;&amp;jaxb2-maven-plugin&amp;&amp;xjc</pattern>
		<errorcode>runMavenBuild: Failed to execute goal jaxb2-maven-plugin : xjc</errorcode>
		<what>runMavenBuild</what>
		<causedByName>User Error</causedByName>
	</row>
	<row>
		<id>1197</id>
		<pattern>Failed to execute goal kaoxiang:mytest</pattern>
		<errorcode>runMavenBuild: Failed to execute goal kaoxiang:mytes</errorcode>
		<what>runMavenBuild</what>
		<causedByName>User Error</causedByName>
	</row>
	<row>
		<id>885</id>
		<pattern>Failed to execute goal com.ebay.content:maven-content-plugin&amp;&amp;content-validation</pattern>
		<errorcode>runMavenBuild: Failed to execute goal maven-content-plugin : content-validation</errorcode>
		<what>runMavenBuild</what>
		<causedByName>User Error</causedByName>
	</row>
	<row>
		<id>874</id>
		<pattern>Failed to execute goal org.apache.maven.plugins:maven-install-plugin&amp;&amp;install</pattern>
		<errorcode>runMavenBuild: Failed to execute goal maven-install-plugin :install</errorcode>
		<what>runMavenBuild</what>
		<causedByName>User Error</causedByName>
	</row>
	<row>
		<id>1057</id>
		<pattern>Failed to execute goal org.apache.axis2:axis2-wsdl2code-maven-plugin</pattern>
		<errorcode>runMavenBuild: Failed to execute goal org.apache.axis2:axis2-wsdl2code-maven-plugin</errorcode>
		<what>runMavenBuild</what>
		<causedByName>User Error</causedByName>
	</row>
	<row>
		<id>1023</id>
		<pattern>Failed to execute goal org.apache.cxf:cxf-codegen-plugin</pattern>
		<errorcode>runMavenBuild: Failed to execute goal org.apache.cxf:cxf-codegen-plugin</errorcode>
		<what>runMavenBuild</what>
		<causedByName>User Error</causedByName>
	</row>
	<row>
		<id>1029</id>
		<pattern>Failed to execute goal org.apache.maven.plugins:maven-antrun-plugin</pattern>
		<errorcode>runMavenBuild: Failed to execute goal org.apache.maven.plugins:maven-antrun-plugin</errorcode>
		<what>runMavenBuild</what>
		<causedByName>User Error</causedByName>
	</row>
	<row>
		<id>1115</id>
		<pattern>Failed to execute goal org.apache.maven.plugins:maven-archetype-plugin</pattern>
		<errorcode>runMavenBuild: Failed to execute goal org.apache.maven.plugins:maven-archetype-plugin</errorcode>
		<what>runMavenBuild</what>
		<causedByName>User Error</causedByName>
	</row>
	<row>
		<id>1053</id>
		<pattern>Failed to execute goal org.apache.maven.plugins:maven-checkstyle-plugin</pattern>
		<errorcode>runMavenBuild: Failed to execute goal org.apache.maven.plugins:maven-checkstyle-plugin</errorcode>
		<what>runMavenBuild</what>
		<causedByName>User Error</causedByName>
	</row>
	<row>
		<id>1164</id>
		<pattern>Failed to execute goal org.apache.maven.plugins:maven-dependency-plugin</pattern>
		<errorcode>runMavenBuild: Failed to execute goal org.apache.maven.plugins:maven-dependency-plugin</errorcode>
		<what>runMavenBuild</what>
		<causedByName>User Error</causedByName>
	</row>
	<row>
		<id>1202</id>
		<pattern>Failed to execute goal org.apache.maven.plugins:maven-deploy-plugin</pattern>
		<errorcode>runMavenBuild: Failed to execute goal org.apache.maven.plugins:maven-deploy-plugin</errorcode>
		<what>runMavenBuild</what>
		<causedByName>User Error</causedByName>
	</row>
	<row>
		<id>1043</id>
		<pattern>Failed to execute goal org.apache.maven.plugins:maven-enforcer-plugin&amp;&amp;enforce</pattern>
		<errorcode>runMavenBuild: Failed to execute goal org.apache.maven.plugins:maven-enforcer-plugin&amp;&amp;enforce</errorcode>
		<what>runMavenBuild</what>
		<causedByName>User Error</causedByName>
	</row>
	<row>
		<id>1137</id>
		<pattern>Failed to execute goal org.apache.maven.plugins:maven-gpg-plugin</pattern>
		<errorcode>runMavenBuild: Failed to execute goal org.apache.maven.plugins:maven-gpg-plugin</errorcode>
		<what>runMavenBuild</what>
		<causedByName>User Error</causedByName>
	</row>
	<row>
		<id>1134</id>
		<pattern>Failed to execute goal org.apache.maven.plugins:maven-javadoc-plugin</pattern>
		<errorcode>runMavenBuild: Failed to execute goal org.apache.maven.plugins:maven-javadoc-plugin</errorcode>
		<what>runMavenBuild</what>
		<causedByName>User Error</causedByName>
	</row>
	<row>
		<id>1125</id>
		<pattern>Failed to execute goal org.apache.maven.plugins:maven-plugin-plugin</pattern>
		<errorcode>runMavenBuild: Failed to execute goal org.apache.maven.plugins:maven-plugin-plugin</errorcode>
		<what>runMavenBuild</what>
		<causedByName>User Error</causedByName>
	</row>
	<row>
		<id>905</id>
		<pattern>Failed to execute goal org.apache.maven.plugins:maven-resources-plugin&amp;&amp;resources</pattern>
		<errorcode>runMavenBuild: Failed to execute goal org.apache.maven.plugins:maven-resources-plugin</errorcode>
		<what>runMavenBuild</what>
		<causedByName>User Error</causedByName>
	</row>
	<row>
		<id>1189</id>
		<pattern>Failed to execute goal org.apache.maven.plugins:maven-shade-plugin</pattern>
		<errorcode>runMavenBuild: Failed to execute goal org.apache.maven.plugins:maven-shade-plugin</errorcode>
		<what>runMavenBuild</what>
		<causedByName>User Error</causedByName>
	</row>
	<row>
		<id>1149</id>
		<pattern>Failed to execute goal org.apache.maven.plugins:maven-source-plugin</pattern>
		<errorcode>runMavenBuild: Failed to execute goal org.apache.maven.plugins:maven-source-plugin</errorcode>
		<what>runMavenBuild</what>
		<causedByName>User Error</causedByName>
	</row>
	<row>
		<id>926</id>
		<pattern>Failed to execute goal org.apache.maven.plugins:maven-war-plugin&amp;&amp;war</pattern>
		<errorcode>runMavenBuild: Failed to execute goal org.apache.maven.plugins:maven-war-plugin:war</errorcode>
		<what>runMavenBuild</what>
		<causedByName>User Error</causedByName>
	</row>
	<row>
		<id>1086</id>
		<pattern>Failed to execute goal org.apache.openjpa:openjpa-maven-plugin</pattern>
		<errorcode>runMavenBuild: Failed to execute goal org.apache.openjpa:openjpa-maven-plugin</errorcode>
		<what>runMavenBuild</what>
		<causedByName>User Error</causedByName>
	</row>
	<row>
		<id>1052</id>
		<pattern>Failed to execute goal org.bsc.maven:maven-processor-plugin</pattern>
		<errorcode>runMavenBuild: Failed to execute goal org.bsc.maven:maven-processor-plugin</errorcode>
		<what>runMavenBuild</what>
		<causedByName>User Error</causedByName>
	</row>
	<row>
		<id>1249</id>
		<pattern>Failed to execute goal org.codehaus.enunciate:maven-enunciate-plugin</pattern>
		<errorcode>runMavenBuild: Failed to execute goal org.codehaus.enunciate:maven-enunciate-plugin</errorcode>
		<what>runMavenBuild</what>
		<causedByName>User Error</causedByName>
	</row>
	<row>
		<id>877</id>
		<pattern>Failed to execute goal org.codehaus.mojo:apt-maven-plugin&amp;&amp;process</pattern>
		<errorcode>runMavenBuild: Failed to execute goal org.codehaus.mojo:apt-maven-plugin : process</errorcode>
		<what>runMavenBuild</what>
		<causedByName>User Error</causedByName>
	</row>
	<row>
		<id>928</id>
		<pattern>Failed to execute goal org.codehaus.mojo:build-helper-maven-plugin&amp;&amp;add-resource</pattern>
		<errorcode>runMavenBuild: Failed to execute goal org.codehaus.mojo:build-helper-maven-pluginadd-resource</errorcode>
		<what>runMavenBuild</what>
		<causedByName>User Error</causedByName>
	</row>
	<row>
		<id>1192</id>
		<pattern>Failed to execute goal org.codehaus.mojo:buildnumber-maven-plugin</pattern>
		<errorcode>runMavenBuild: Failed to execute goal org.codehaus.mojo:buildnumber-maven-plugin</errorcode>
		<what>runMavenBuild</what>
		<causedByName>User Error</causedByName>
	</row>
	<row>
		<id>909</id>
		<pattern>Failed to execute goal org.codehaus.mojo:cobertura-maven-plugin</pattern>
		<errorcode>runMavenBuild: Failed to execute goal org.codehaus.mojo:cobertura-maven-plugin</errorcode>
		<what>runMavenBuild</what>
		<causedByName>User Error</causedByName>
	</row>
	<row>
		<id>1120</id>
		<pattern>Failed to execute goal org.codehaus.mojo:emma-maven-plugin</pattern>
		<errorcode>runMavenBuild: Failed to execute goal org.codehaus.mojo:emma-maven-plugin</errorcode>
		<what>runMavenBuild</what>
		<causedByName>User Error</causedByName>
	</row>
	<row>
		<id>1032</id>
		<pattern>Failed to execute goal org.codehaus.mojo:exec-maven-plugin</pattern>
		<errorcode>runMavenBuild: Failed to execute goal org.codehaus.mojo:exec-maven-plugin</errorcode>
		<what>runMavenBuild</what>
		<causedByName>User Error</causedByName>
	</row>
	<row>
		<id>932</id>
		<pattern>Failed to execute goal org.codehaus.mojo:findbugs-maven-plugin&amp;&amp;findbugs</pattern>
		<errorcode>runMavenBuild: Failed to execute goal org.codehaus.mojo:findbugs-maven-plugin:findbugs</errorcode>
		<what>runMavenBuild</what>
		<causedByName>User Error</causedByName>
	</row>
	<row>
		<id>1096</id>
		<pattern>Failed to execute goal org.codehaus.mojo:gwt-maven-plugin</pattern>
		<errorcode>runMavenBuild: Failed to execute goal org.codehaus.mojo:gwt-maven-plugin</errorcode>
		<what>runMavenBuild</what>
		<causedByName>User Error</causedByName>
	</row>
	<row>
		<id>1036</id>
		<pattern>Failed to execute goal org.codehaus.mojo:javancss-maven-plugin</pattern>
		<errorcode>runMavenBuild: Failed to execute goal org.codehaus.mojo:javancss-maven-plugin:2.0:check</errorcode>
		<what>runMavenBuild</what>
		<causedByName>User Error</causedByName>
	</row>
	<row>
		<id>1091</id>
		<pattern>Failed to execute goal org.codehaus.mojo:openjpa-maven-plugin</pattern>
		<errorcode>runMavenBuild: Failed to execute goal org.codehaus.mojo:openjpa-maven-plugin</errorcode>
		<what>runMavenBuild</what>
		<causedByName>User Error</causedByName>
	</row>
	<row>
		<id>1011</id>
		<pattern>Failed to execute goal org.codehaus.mojo:sonar-maven-plugin</pattern>
		<errorcode>runMavenBuild: Failed to execute goal org.codehaus.mojo:sonar-maven-plugin:2.0:sonar</errorcode>
		<what>runMavenBuild</what>
		<causedByName>User Error</causedByName>
	</row>
	<row>
		<id>1139</id>
		<pattern>Failed to execute goal org.codehaus.mojo:tomcat-maven-plugin</pattern>
		<errorcode>runMavenBuild: Failed to execute goal org.codehaus.mojo:tomcat-maven-plugin</errorcode>
		<what>runMavenBuild</what>
		<causedByName>User Error</causedByName>
	</row>
	<row>
		<id>1138</id>
		<pattern>Failed to execute goal org.eclipse.xtend:xtend-maven-plugin</pattern>
		<errorcode>runMavenBuild: Failed to execute goal org.eclipse.xtend:xtend-maven-plugin</errorcode>
		<what>runMavenBuild</what>
		<causedByName>User Error</causedByName>
	</row>
	<row>
		<id>1243</id>
		<pattern>Failed to execute goal org.jasig.maven:sass-maven-plugin</pattern>
		<errorcode>runMavenBuild: Failed to execute goal org.jasig.maven:sass-maven-plugin</errorcode>
		<what>runMavenBuild</what>
		<causedByName>User Error</causedByName>
	</row>
	<row>
		<id>1121</id>
		<pattern>Failed to execute goal org.jenkins-ci.tools:maven-hpi-plugin</pattern>
		<errorcode>runMavenBuild: Failed to execute goal org.jenkins-ci.tools:maven-hpi-plugin</errorcode>
		<what>runMavenBuild</what>
		<causedByName>User Error</causedByName>
	</row>
	<row>
		<id>1050</id>
		<pattern>Failed to execute goal org.jvnet.jaxb2.maven2:maven-jaxb2-plugin&amp;&amp;generate</pattern>
		<errorcode>runMavenBuild: Failed to execute goal org.jvnet.jaxb2.maven2:maven-jaxb2-plugin:generate</errorcode>
		<what>runMavenBuild</what>
		<causedByName>User Error</causedByName>
	</row>
	<row>
		<id>984</id>
		<pattern>Failed to execute goal org.mortbay.jetty:maven-jetty-plugin</pattern>
		<errorcode>runMavenBuild: Failed to execute goal org.mortbay.jetty:maven-jetty-plugin</errorcode>
		<what>runMavenBuild</what>
		<causedByName>User Error</causedByName>
	</row>
	<row>
		<id>1094</id>
		<pattern>Failed to execute goal org.scala-tools:maven-scala-plugin</pattern>
		<errorcode>runMavenBuild: Failed to execute goal org.scala-tools:maven-scala-plugin</errorcode>
		<what>runMavenBuild</what>
		<causedByName>User Error</causedByName>
	</row>
	<row>
		<id>596</id>
		<pattern>Failed to execute goal org.apache.maven.plugins:maven-install-plugin:2.4:install \(default-install\) on project &amp;&amp;Failed to install artifact &amp;&amp;The process cannot access the file because it is being used by another process.</pattern>
		<errorcode>runMavenBuild: failed to execute maven install</errorcode>
		<what>runMavenBuild</what>
		<causedByName>User Error</causedByName>
	</row>
	<row>
		<id>1022</id>
		<pattern>Failed to execute goal org.apache.maven.plugins:maven-jar-plugin:&amp;&amp;:jar</pattern>
		<errorcode>runMavenBuild: Failed to execute maven-jar-plugin</errorcode>
		<what>runMavenBuild</what>
		<causedByName>User Error</causedByName>
	</row>
	<row>
		<id>1014</id>
		<pattern>Failed to execute goal org.apache.maven.plugins:maven-site-plugin</pattern>
		<errorcode>runMavenBuild: Failed to execute maven-site-plugin</errorcode>
		<what>runMavenBuild</what>
		<causedByName>User Error</causedByName>
	</row>
	<row>
		<id>603</id>
		<pattern>Failed to execute goal org.apache.maven.plugins:maven-surefire-plugin</pattern>
		<errorcode>runMavenBuild: Failed to execute unit test</errorcode>
		<what>runMavenBuild</what>
		<causedByName>User Error</causedByName>
	</row>
	<row>
		<id>880</id>
		<pattern>Failed to execute goal org.apache.maven.plugins:maven-install-plugin&amp;&amp;install</pattern>
		<errorcode>runMavenBuild: Failed to install maven plugin</errorcode>
		<what>runMavenBuild</what>
		<causedByName>User Error</causedByName>
	</row>
	<row>
		<id>1217</id>
		<pattern>Failed to parse plugin descriptor</pattern>
		<errorcode>runMavenBuild: Failed to parse plugin descriptor</errorcode>
		<what>runMavenBuild</what>
		<causedByName>User Error</causedByName>
	</row>
	<row>
		<id>1088</id>
		<pattern>Failed to parse plugin descriptor for com.ebay.content:maven-content-plugin</pattern>
		<errorcode>runMavenBuild: Failed to parse plugin descriptor for com.ebay.content:maven-content-plugin</errorcode>
		<what>runMavenBuild</what>
		<causedByName>User Error</causedByName>
	</row>
	<row>
		<id>1196</id>
		<pattern>Failed to parse plugin descriptor for org.apache.maven.plugins</pattern>
		<errorcode>runMavenBuild: Failed to parse plugin descriptor for org.apache.maven.plugins</errorcode>
		<what>runMavenBuild</what>
		<causedByName>User Error</causedByName>
	</row>
	<row>
		<id>599</id>
		<pattern>Could not resolve dependencies for project</pattern>
		<errorcode>runMavenBuild: Failed to resolve maven dependencies</errorcode>
		<what>runMavenBuild</what>
		<causedByName>User Error</causedByName>
	</row>
	<row>
		<id>886</id>
		<pattern>Error resolving version for plugin&amp;&amp; from the repositories</pattern>
		<errorcode>runMavenBuild: failed to resolve maven plugin version</errorcode>
		<what>runMavenBuild</what>
		<causedByName>User Error</causedByName>
	</row>
	<row>
		<id>594</id>
		<pattern>Failed to execute goal org.apache.maven.plugins:maven-clean-plugin&amp;&amp;clean</pattern>
		<errorcode>runMavenBuild: failed to run maven clean</errorcode>
		<what>runMavenBuild</what>
		<causedByName>User Error</causedByName>
	</row>
	<row>
		<id>1168</id>
		<pattern>File does not exist! Unable to open file</pattern>
		<errorcode>runMavenBuild: File does not exis</errorcode>
		<what>runMavenBuild</what>
		<causedByName>User Error</causedByName>
	</row>
	<row>
		<id>968</id>
		<pattern>ApacheLoggerFactoryTest - Error message</pattern>
		<errorcode>runMavenBuild: Invalid ApacheLoggerFactoryTest</errorcode>
		<what>runMavenBuild</what>
		<causedByName>User Error</causedByName>
	</row>
	<row>
		<id>1008</id>
		<pattern>\[INFO\] BUILD SUCCESS</pattern>
		<errorcode>runMavenBuild: Invalid error</errorcode>
		<what>runMavenBuild</what>
		<causedByName>User Error</causedByName>
	</row>
	<row>
		<id>853</id>
		<pattern>Unknown lifecycle phase</pattern>
		<errorcode>runMavenBuild: invalid lifecycle phase or goal</errorcode>
		<what>runMavenBuild</what>
		<causedByName>User Error</causedByName>
	</row>
	<row>
		<id>1025</id>
		<pattern>Invalid plugin descriptor for aspectj:aspectj-maven-plugin</pattern>
		<errorcode>runMavenBuild: Invalid plugin descriptor for aspectj:aspectj-maven-plugin</errorcode>
		<what>runMavenBuild</what>
		<causedByName>User Error</causedByName>
	</row>
	<row>
		<id>967</id>
		<pattern>Non-parseable settings</pattern>
		<errorcode>runMavenBuild: Invalid settings.xml</errorcode>
		<what>runMavenBuild</what>
		<causedByName>User Error</causedByName>
	</row>
	<row>
		<id>916</id>
		<pattern>org.apache.maven.artifact.InvalidArtifactRTException</pattern>
		<errorcode>runMavenBuild: InvalidArtifactRTException</errorcode>
		<what>runMavenBuild</what>
		<causedByName>User Error</causedByName>
	</row>
	<row>
		<id>1007</id>
		<pattern>Missing argument for option</pattern>
		<errorcode>runMavenBuild: Missing argument for option</errorcode>
		<what>runMavenBuild</what>
		<causedByName>User Error</causedByName>
	</row>
	<row>
		<id>1039</id>
		<pattern>The goal you specified requires a project to execute but there is no POM in this directory</pattern>
		<errorcode>runMavenBuild: Missing pom.xml when build</errorcode>
		<what>runMavenBuild</what>
		<causedByName>User Error</causedByName>
	</row>
	<row>
		<id>1089</id>
		<pattern>Edge between&amp;&amp;and &amp;&amp; introduces to cycle in the graph</pattern>
		<errorcode>runMavenBuild: New phase introduces to cycle in the graph error</errorcode>
		<what>runMavenBuild</what>
		<causedByName>User Error</causedByName>
	</row>
	<row>
		<id>715</id>
		<pattern>No goals have been specified for this build</pattern>
		<errorcode>runMavenBuild: No goals have been specified for this build</errorcode>
		<what>runMavenBuild</what>
		<causedByName>User Error</causedByName>
	</row>
	<row>
		<id>914</id>
		<pattern>No plugin found&amp;&amp; in the current project and in the plugin groups</pattern>
		<errorcode>runMavenBuild: No maven plugin found</errorcode>
		<what>runMavenBuild</what>
		<causedByName>User Error</causedByName>
	</row>
	<row>
		<id>870</id>
		<pattern>Non-resolvable parent POM</pattern>
		<errorcode>runMavenBuild: Non-resolvable parent POM</errorcode>
		<what>runMavenBuild</what>
		<causedByName>User Error</causedByName>
	</row>
	<row>
		<id>882</id>
		<pattern>The build could not read &amp;&amp;project</pattern>
		<errorcode>runMavenBuild: Not well-formed pom.xml</errorcode>
		<what>runMavenBuild</what>
		<causedByName>User Error</causedByName>
	</row>
	<row>
		<id>587</id>
		<pattern>java.lang.OutOfMemoryError&amp;&amp;at org.apache.maven.cli.MavenCli.main</pattern>
		<errorcode>runMavenBuild: OutOfMemoryError</errorcode>
		<what>runMavenBuild</what>
		<causedByName>User Error</causedByName>
	</row>
	<row>
		<id>919</id>
		<pattern>Plugin&amp;&amp; or one of its dependencies could not be resolved</pattern>
		<errorcode>runMavenBuild: Plugin could not be resolved</errorcode>
		<what>runMavenBuild</what>
		<causedByName>User Error</causedByName>
	</row>
	<row>
		<id>1110</id>
		<pattern>The plugin &amp;&amp; does not exist or no valid version could be found</pattern>
		<errorcode>runMavenBuild: The plugin does not exist or no valid version could be found</errorcode>
		<what>runMavenBuild</what>
		<causedByName>User Error</causedByName>
	</row>
	<row>
		<id>717</id>
		<pattern>There are test failures</pattern>
		<errorcode>runMavenBuild: There are test failures</errorcode>
		<what>runMavenBuild</what>
		<causedByName>User Error</causedByName>
	</row>
	<row>
		<id>716</id>
		<pattern>There are test failures</pattern>
		<errorcode>runMavenBuild: There are test failures.</errorcode>
		<what>runMavenBuild</what>
		<causedByName>User Error</causedByName>
	</row>
	<row>
		<id>1211</id>
		<pattern>Two or more projects in the reactor have the same identifier</pattern>
		<errorcode>runMavenBuild: Two or more projects in the reactor have the same identifier</errorcode>
		<what>runMavenBuild</what>
		<causedByName>User Error</causedByName>
	</row>
	<row>
		<id>1161</id>
		<pattern>unable to find resource 'VM_global_library.vm' in any resource</pattern>
		<errorcode>runMavenBuild: unable to find resource 'VM_global_library.vm' in any resource</errorcode>
		<what>runMavenBuild</what>
		<causedByName>User Error</causedByName>
	</row>
	<row>
		<id>1171</id>
		<pattern>\[ERROR\] Unable to open file</pattern>
		<errorcode>runMavenBuild: unable to open file</errorcode>
		<what>runMavenBuild</what>
		<causedByName>User Error</causedByName>
	</row>
	<row>
		<id>1242</id>
		<pattern>\[ERROR\] Null version</pattern>
		<errorcode>runMavenBuild: Unknown Null Version</errorcode>
		<what>runMavenBuild</what>
		<causedByName>User Error</causedByName>
	</row>
	<row>
		<id>1210</id>
		<pattern>log4j:WARN No appenders could be found for logger</pattern>
		<errorcode>runMavenBuild: WARN No appenders could be found for logger</errorcode>
		<what>runMavenBuild</what>
		<causedByName>User Error</causedByName>
	</row>
	<row>
		<id>630</id>
		<pattern>Failed to execute goal com.ebay.ebox.plugins:maven-batch-plugin:&amp;&amp;:package \(default\) on project &amp;&amp;: release directory exist, need clean up</pattern>
		<errorcode>runMavenBuild:Failed goal com.ebay.ebox.plugins:maven-batch-plugin:package. release directory exis</errorcode>
		<what>runMavenBuild</what>
		<causedByName>User Error</causedByName>
	</row>
	<row>
		<id>1048</id>
		<pattern>Failed to execute goal com.google.code.maven-replacer-plugin</pattern>
		<errorcode>runMavenBuild:Failed to execute goal com.google.code.maven-replacer-plugin:maven-replacer-plugin</errorcode>
		<what>runMavenBuild</what>
		<causedByName>User Error</causedByName>
	</row>
</data>